Rider accounts:
       Ann-Arbor      319-333-6666 aarbor@gmail.com
       Gap-Guy        319-333-4444 gap.guy@yahoo.com
       Gnyte-Hawk     319-333-2222 ghawk@coe.edu
       Joe-Pardy      319-333-5555 joepardy@gmail.com
Driver accounts:
       Al-Burnett     319-333-8765 big-al@gmail.com
       Betty-Dorf     319-333-1111 bettin@gmail.com
       Davin-Port     319-333-1234 davindavin@gmail.com
       Dez-Moyen      319-333-8888 dez21@yahoo.com
       Gnyte-Hawk     319-333-2222 gnyte-hawk@gmail.com
       Lou-Water      319-333-7777 louis2@gmail.com
       Moe-Lean       319-333-2345 mlean@gmail.com
       Rocky-Land     319-333-7654 rocky@gmail.com
Requests for rides:
       10/30/16 14:40 Gap-Guy     Coe-Campus   Lindale-Mall 1
       10/31/16 23:30 Joe-Pardy   Coe-Campus   IC-Ped-Mall  1
       12/31/16 23:15 Ann-Arbor   Coe-Campus   CID-Airport  2
Offers (time-specific) for rides:
       10/30/16 13:00 Betty-Dorf  Coe-Campus   CID-Airport  2
       10/30/16 15:00 Betty-Dorf  Coe-Campus   Rockwell     4
       10/30/16 18:00 Lou-Water   Coe-Campus   CID-Airport  1
       10/30/16 18:25 Dez-Moyen   Coe-Campus   CID-Airport  3
       10/30/16 19:00 Lou-Water   CID-Airport  Coe-Campus   2
       10/31/16 22:30 Betty-Dorf  Coe-Campus   IC-Ped-Mall  4
       01/01/17 00:15 Gnyte-Hawk  Coe-Campus   CID-Airport  2
On call offers for rides:
       Al-Burnett  Coe-Campus   CID-Airport  3  18.00
       Al-Burnett  Coe-Campus   IC-Ped-Mall  3  24.99
       Davin-Port  Coe-Campus   CID-Airport  4  15.00
       Davin-Port  Coe-Campus   IC-Ped-Mall  4  25.00
       Moe-Lean    Coe-Campus   CID-Airport  1  10.00
Ride matches:
       Gap-Guy ride for 1 from Coe-Campus to Lindale-Mall on 10/30/16 at time 14:40
       Sorry, no matches found.

       Joe-Pardy ride for 1 from Coe-Campus to IC-Ped-Mall on 10/31/16 at time 23:30
       3 Matches found!
       #1 Ride with Betty-Dorf - leaving on 10/31/16 at 22:30 - 4 seats available
       #2 Ride with Al-Burnett - 3 seats available anytime at $24.99
       #3 Ride with Davin-Port - 4 seats available anytime at $25.00

       Ann-Arbor ride for 2 from Coe-Campus to CID-Airport on 12/31/16 at time 23:15
       3 Matches found!
       #1 Ride with Gnyte-Hawk - leaving on 01/01/17 at 00:15 - 2 seats available
       #2 Ride with Davin-Port - 4 seats available anytime at $15.00
       #3 Ride with Al-Burnett - 3 seats available anytime at $18.00
